{"/Users/ivandegea/ITAcademy/Sprint3/ProyectoSprint1/src/task.js": {"path":"/Users/ivandegea/ITAcademy/Sprint3/ProyectoSprint1/src/task.js","all":false,"statementMap":{"0":{"start":{"line":1,"column":0},"end":{"line":1,"column":13}},"1":{"start":{"line":2,"column":0},"end":{"line":2,"column":90}},"2":{"start":{"line":3,"column":0},"end":{"line":3,"column":112}},"3":{"start":{"line":4,"column":0},"end":{"line":4,"column":64}},"4":{"start":{"line":5,"column":0},"end":{"line":5,"column":99}},"5":{"start":{"line":6,"column":0},"end":{"line":6,"column":102}},"6":{"start":{"line":7,"column":0},"end":{"line":7,"column":118}},"7":{"start":{"line":8,"column":0},"end":{"line":8,"column":78}},"8":{"start":{"line":9,"column":0},"end":{"line":9,"column":7}},"9":{"start":{"line":10,"column":0},"end":{"line":10,"column":2}},"10":{"start":{"line":11,"column":0},"end":{"line":11,"column":74}},"11":{"start":{"line":12,"column":0},"end":{"line":12,"column":117}},"12":{"start":{"line":13,"column":0},"end":{"line":13,"column":157}},"13":{"start":{"line":14,"column":0},"end":{"line":14,"column":70}},"14":{"start":{"line":15,"column":0},"end":{"line":15,"column":23}},"15":{"start":{"line":16,"column":0},"end":{"line":16,"column":70}},"16":{"start":{"line":17,"column":0},"end":{"line":17,"column":55}},"17":{"start":{"line":18,"column":0},"end":{"line":18,"column":169}},"18":{"start":{"line":19,"column":0},"end":{"line":19,"column":52}},"19":{"start":{"line":20,"column":0},"end":{"line":20,"column":28}},"20":{"start":{"line":21,"column":0},"end":{"line":21,"column":46}},"21":{"start":{"line":22,"column":0},"end":{"line":22,"column":72}},"22":{"start":{"line":23,"column":0},"end":{"line":23,"column":65}},"23":{"start":{"line":24,"column":0},"end":{"line":24,"column":65}},"24":{"start":{"line":25,"column":0},"end":{"line":25,"column":24}},"25":{"start":{"line":26,"column":0},"end":{"line":26,"column":128}},"26":{"start":{"line":27,"column":0},"end":{"line":27,"column":106}},"27":{"start":{"line":28,"column":0},"end":{"line":28,"column":89}},"28":{"start":{"line":29,"column":0},"end":{"line":29,"column":87}},"29":{"start":{"line":30,"column":0},"end":{"line":30,"column":42}},"30":{"start":{"line":31,"column":0},"end":{"line":31,"column":43}},"31":{"start":{"line":32,"column":0},"end":{"line":32,"column":13}},"32":{"start":{"line":33,"column":0},"end":{"line":33,"column":39}},"33":{"start":{"line":34,"column":0},"end":{"line":34,"column":66}},"34":{"start":{"line":35,"column":0},"end":{"line":35,"column":89}},"35":{"start":{"line":36,"column":0},"end":{"line":36,"column":5}},"36":{"start":{"line":37,"column":0},"end":{"line":37,"column":2}},"37":{"start":{"line":38,"column":0},"end":{"line":38,"column":62}},"38":{"start":{"line":39,"column":0},"end":{"line":39,"column":26}},"39":{"start":{"line":40,"column":0},"end":{"line":40,"column":23}},"40":{"start":{"line":41,"column":0},"end":{"line":41,"column":43}},"41":{"start":{"line":42,"column":0},"end":{"line":42,"column":25}},"42":{"start":{"line":43,"column":0},"end":{"line":43,"column":43}},"43":{"start":{"line":44,"column":0},"end":{"line":44,"column":24}},"44":{"start":{"line":45,"column":0},"end":{"line":45,"column":5}},"45":{"start":{"line":46,"column":0},"end":{"line":46,"column":56}},"46":{"start":{"line":47,"column":0},"end":{"line":47,"column":44}},"47":{"start":{"line":48,"column":0},"end":{"line":48,"column":58}},"48":{"start":{"line":49,"column":0},"end":{"line":49,"column":9}},"49":{"start":{"line":50,"column":0},"end":{"line":50,"column":13}},"50":{"start":{"line":51,"column":0},"end":{"line":51,"column":67}},"51":{"start":{"line":52,"column":0},"end":{"line":52,"column":46}},"52":{"start":{"line":53,"column":0},"end":{"line":53,"column":69}},"53":{"start":{"line":54,"column":0},"end":{"line":54,"column":9}},"54":{"start":{"line":55,"column":0},"end":{"line":55,"column":21}},"55":{"start":{"line":56,"column":0},"end":{"line":56,"column":29}},"56":{"start":{"line":57,"column":0},"end":{"line":57,"column":28}},"57":{"start":{"line":58,"column":0},"end":{"line":58,"column":9}},"58":{"start":{"line":59,"column":0},"end":{"line":59,"column":6}},"59":{"start":{"line":60,"column":0},"end":{"line":60,"column":54}},"60":{"start":{"line":61,"column":0},"end":{"line":61,"column":25}},"61":{"start":{"line":62,"column":0},"end":{"line":62,"column":55}},"62":{"start":{"line":63,"column":0},"end":{"line":63,"column":94}},"63":{"start":{"line":64,"column":0},"end":{"line":64,"column":26}},"64":{"start":{"line":65,"column":0},"end":{"line":65,"column":64}},"65":{"start":{"line":66,"column":0},"end":{"line":66,"column":32}},"66":{"start":{"line":67,"column":0},"end":{"line":67,"column":17}},"67":{"start":{"line":68,"column":0},"end":{"line":68,"column":22}},"68":{"start":{"line":69,"column":0},"end":{"line":69,"column":65}},"69":{"start":{"line":70,"column":0},"end":{"line":70,"column":30}},"70":{"start":{"line":71,"column":0},"end":{"line":71,"column":17}},"71":{"start":{"line":72,"column":0},"end":{"line":72,"column":15}},"72":{"start":{"line":73,"column":0},"end":{"line":73,"column":11}},"73":{"start":{"line":74,"column":0},"end":{"line":74,"column":6}},"74":{"start":{"line":75,"column":0},"end":{"line":75,"column":63}},"75":{"start":{"line":76,"column":0},"end":{"line":76,"column":60}},"76":{"start":{"line":77,"column":0},"end":{"line":77,"column":28}},"77":{"start":{"line":78,"column":0},"end":{"line":78,"column":52}},"78":{"start":{"line":79,"column":0},"end":{"line":79,"column":35}},"79":{"start":{"line":80,"column":0},"end":{"line":80,"column":27}},"80":{"start":{"line":81,"column":0},"end":{"line":81,"column":49}},"81":{"start":{"line":82,"column":0},"end":{"line":82,"column":32}},"82":{"start":{"line":83,"column":0},"end":{"line":83,"column":61}},"83":{"start":{"line":84,"column":0},"end":{"line":84,"column":39}},"84":{"start":{"line":85,"column":0},"end":{"line":85,"column":53}},"85":{"start":{"line":86,"column":0},"end":{"line":86,"column":45}},"86":{"start":{"line":87,"column":0},"end":{"line":87,"column":26}},"87":{"start":{"line":88,"column":0},"end":{"line":88,"column":46}},"88":{"start":{"line":89,"column":0},"end":{"line":89,"column":37}},"89":{"start":{"line":90,"column":0},"end":{"line":90,"column":27}},"90":{"start":{"line":91,"column":0},"end":{"line":91,"column":50}},"91":{"start":{"line":92,"column":0},"end":{"line":92,"column":69}},"92":{"start":{"line":93,"column":0},"end":{"line":93,"column":27}},"93":{"start":{"line":94,"column":0},"end":{"line":94,"column":34}},"94":{"start":{"line":95,"column":0},"end":{"line":95,"column":64}},"95":{"start":{"line":96,"column":0},"end":{"line":96,"column":48}},"96":{"start":{"line":97,"column":0},"end":{"line":97,"column":27}},"97":{"start":{"line":98,"column":0},"end":{"line":98,"column":42}},"98":{"start":{"line":99,"column":0},"end":{"line":99,"column":65}},"99":{"start":{"line":100,"column":0},"end":{"line":100,"column":48}},"100":{"start":{"line":101,"column":0},"end":{"line":101,"column":50}},"101":{"start":{"line":102,"column":0},"end":{"line":102,"column":17}},"102":{"start":{"line":103,"column":0},"end":{"line":103,"column":15}},"103":{"start":{"line":104,"column":0},"end":{"line":104,"column":11}},"104":{"start":{"line":105,"column":0},"end":{"line":105,"column":6}},"105":{"start":{"line":106,"column":0},"end":{"line":106,"column":59}},"106":{"start":{"line":107,"column":0},"end":{"line":107,"column":60}},"107":{"start":{"line":108,"column":0},"end":{"line":108,"column":28}},"108":{"start":{"line":109,"column":0},"end":{"line":109,"column":52}},"109":{"start":{"line":110,"column":0},"end":{"line":110,"column":35}},"110":{"start":{"line":111,"column":0},"end":{"line":111,"column":27}},"111":{"start":{"line":112,"column":0},"end":{"line":112,"column":49}},"112":{"start":{"line":113,"column":0},"end":{"line":113,"column":64}},"113":{"start":{"line":114,"column":0},"end":{"line":114,"column":100}},"114":{"start":{"line":115,"column":0},"end":{"line":115,"column":27}},"115":{"start":{"line":116,"column":0},"end":{"line":116,"column":59}},"116":{"start":{"line":117,"column":0},"end":{"line":117,"column":46}},"117":{"start":{"line":118,"column":0},"end":{"line":118,"column":37}},"118":{"start":{"line":119,"column":0},"end":{"line":119,"column":27}},"119":{"start":{"line":120,"column":0},"end":{"line":120,"column":50}},"120":{"start":{"line":121,"column":0},"end":{"line":121,"column":69}},"121":{"start":{"line":122,"column":0},"end":{"line":122,"column":27}},"122":{"start":{"line":123,"column":0},"end":{"line":123,"column":34}},"123":{"start":{"line":124,"column":0},"end":{"line":124,"column":68}},"124":{"start":{"line":125,"column":0},"end":{"line":125,"column":48}},"125":{"start":{"line":126,"column":0},"end":{"line":126,"column":27}},"126":{"start":{"line":127,"column":0},"end":{"line":127,"column":42}},"127":{"start":{"line":128,"column":0},"end":{"line":128,"column":69}},"128":{"start":{"line":129,"column":0},"end":{"line":129,"column":48}},"129":{"start":{"line":130,"column":0},"end":{"line":130,"column":50}},"130":{"start":{"line":131,"column":0},"end":{"line":131,"column":17}},"131":{"start":{"line":132,"column":0},"end":{"line":132,"column":15}},"132":{"start":{"line":133,"column":0},"end":{"line":133,"column":11}},"133":{"start":{"line":134,"column":0},"end":{"line":134,"column":6}},"134":{"start":{"line":135,"column":0},"end":{"line":135,"column":57}},"135":{"start":{"line":136,"column":0},"end":{"line":136,"column":60}},"136":{"start":{"line":137,"column":0},"end":{"line":137,"column":22}},"137":{"start":{"line":138,"column":0},"end":{"line":138,"column":52}},"138":{"start":{"line":139,"column":0},"end":{"line":139,"column":35}},"139":{"start":{"line":140,"column":0},"end":{"line":140,"column":27}},"140":{"start":{"line":141,"column":0},"end":{"line":141,"column":49}},"141":{"start":{"line":142,"column":0},"end":{"line":142,"column":107}},"142":{"start":{"line":143,"column":0},"end":{"line":143,"column":37}},"143":{"start":{"line":144,"column":0},"end":{"line":144,"column":27}},"144":{"start":{"line":145,"column":0},"end":{"line":145,"column":50}},"145":{"start":{"line":146,"column":0},"end":{"line":146,"column":69}},"146":{"start":{"line":147,"column":0},"end":{"line":147,"column":27}},"147":{"start":{"line":148,"column":0},"end":{"line":148,"column":34}},"148":{"start":{"line":149,"column":0},"end":{"line":149,"column":66}},"149":{"start":{"line":150,"column":0},"end":{"line":150,"column":48}},"150":{"start":{"line":151,"column":0},"end":{"line":151,"column":27}},"151":{"start":{"line":152,"column":0},"end":{"line":152,"column":42}},"152":{"start":{"line":153,"column":0},"end":{"line":153,"column":67}},"153":{"start":{"line":154,"column":0},"end":{"line":154,"column":48}},"154":{"start":{"line":155,"column":0},"end":{"line":155,"column":50}},"155":{"start":{"line":156,"column":0},"end":{"line":156,"column":17}},"156":{"start":{"line":157,"column":0},"end":{"line":157,"column":15}},"157":{"start":{"line":158,"column":0},"end":{"line":158,"column":11}},"158":{"start":{"line":159,"column":0},"end":{"line":159,"column":6}},"159":{"start":{"line":160,"column":0},"end":{"line":160,"column":51}},"160":{"start":{"line":161,"column":0},"end":{"line":161,"column":33}},"161":{"start":{"line":162,"column":0},"end":{"line":162,"column":44}},"162":{"start":{"line":163,"column":0},"end":{"line":163,"column":167}},"163":{"start":{"line":164,"column":0},"end":{"line":164,"column":11}},"164":{"start":{"line":165,"column":0},"end":{"line":165,"column":6}},"165":{"start":{"line":166,"column":0},"end":{"line":166,"column":20}},"166":{"start":{"line":167,"column":0},"end":{"line":167,"column":5}},"167":{"start":{"line":168,"column":0},"end":{"line":168,"column":28}}},"s":{"0":1,"1":1,"2":3,"3":3,"4":3,"5":3,"6":3,"7":3,"8":3,"9":3,"10":1,"11":3,"12":3,"13":3,"14":3,"15":3,"16":3,"17":6,"18":6,"19":6,"20":6,"21":6,"22":6,"23":6,"24":6,"25":0,"26":0,"27":0,"28":0,"29":0,"30":0,"31":6,"32":3,"33":6,"34":3,"35":3,"36":3,"37":1,"38":1,"39":1,"40":1,"41":1,"42":5,"43":5,"44":5,"45":1,"46":9,"47":9,"48":9,"49":9,"50":9,"51":9,"52":9,"53":9,"54":9,"55":0,"56":0,"57":0,"58":1,"59":1,"60":3,"61":3,"62":3,"63":0,"64":0,"65":0,"66":0,"67":0,"68":0,"69":0,"70":0,"71":3,"72":3,"73":1,"74":1,"75":1,"76":1,"77":1,"78":1,"79":1,"80":1,"81":1,"82":1,"83":1,"84":1,"85":1,"86":1,"87":1,"88":1,"89":1,"90":1,"91":1,"92":1,"93":0,"94":0,"95":0,"96":1,"97":0,"98":0,"99":0,"100":1,"101":1,"102":1,"103":1,"104":1,"105":1,"106":1,"107":1,"108":1,"109":1,"110":1,"111":1,"112":1,"113":1,"114":1,"115":1,"116":1,"117":1,"118":1,"119":1,"120":1,"121":1,"122":0,"123":0,"124":0,"125":1,"126":0,"127":0,"128":0,"129":1,"130":1,"131":1,"132":1,"133":1,"134":1,"135":1,"136":1,"137":1,"138":1,"139":1,"140":1,"141":1,"142":1,"143":1,"144":1,"145":1,"146":1,"147":0,"148":0,"149":0,"150":1,"151":0,"152":0,"153":0,"154":1,"155":1,"156":1,"157":1,"158":1,"159":1,"160":1,"161":1,"162":1,"163":1,"164":1,"165":1,"166":1,"167":1},"branchMap":{"0":{"type":"branch","line":2,"loc":{"start":{"line":2,"column":44},"end":{"line":10,"column":2}},"locations":[{"start":{"line":2,"column":44},"end":{"line":10,"column":2}}]},"1":{"type":"branch","line":3,"loc":{"start":{"line":3,"column":4},"end":{"line":3,"column":112}},"locations":[{"start":{"line":3,"column":4},"end":{"line":3,"column":112}}]},"2":{"type":"branch","line":3,"loc":{"start":{"line":3,"column":61},"end":{"line":3,"column":109}},"locations":[{"start":{"line":3,"column":61},"end":{"line":3,"column":109}}]},"3":{"type":"branch","line":4,"loc":{"start":{"line":4,"column":36},"end":{"line":9,"column":5}},"locations":[{"start":{"line":4,"column":36},"end":{"line":9,"column":5}}]},"4":{"type":"branch","line":7,"loc":{"start":{"line":7,"column":8},"end":{"line":7,"column":118}},"locations":[{"start":{"line":7,"column":8},"end":{"line":7,"column":118}}]},"5":{"type":"branch","line":7,"loc":{"start":{"line":7,"column":43},"end":{"line":7,"column":67}},"locations":[{"start":{"line":7,"column":43},"end":{"line":7,"column":67}}]},"6":{"type":"branch","line":11,"loc":{"start":{"line":11,"column":48},"end":{"line":37,"column":2}},"locations":[{"start":{"line":11,"column":48},"end":{"line":37,"column":2}}]},"7":{"type":"branch","line":14,"loc":{"start":{"line":14,"column":4},"end":{"line":14,"column":70}},"locations":[{"start":{"line":14,"column":4},"end":{"line":14,"column":70}}]},"8":{"type":"branch","line":14,"loc":{"start":{"line":14,"column":30},"end":{"line":14,"column":67}},"locations":[{"start":{"line":14,"column":30},"end":{"line":14,"column":67}}]},"9":{"type":"branch","line":15,"loc":{"start":{"line":15,"column":4},"end":{"line":36,"column":5}},"locations":[{"start":{"line":15,"column":4},"end":{"line":36,"column":5}}]},"10":{"type":"branch","line":16,"loc":{"start":{"line":16,"column":15},"end":{"line":16,"column":70}},"locations":[{"start":{"line":16,"column":15},"end":{"line":16,"column":70}}]},"11":{"type":"branch","line":17,"loc":{"start":{"line":17,"column":33},"end":{"line":17,"column":44}},"locations":[{"start":{"line":17,"column":33},"end":{"line":17,"column":44}}]},"12":{"type":"branch","line":17,"loc":{"start":{"line":17,"column":50},"end":{"line":34,"column":66}},"locations":[{"start":{"line":17,"column":50},"end":{"line":34,"column":66}}]},"13":{"type":"branch","line":18,"loc":{"start":{"line":18,"column":24},"end":{"line":18,"column":126}},"locations":[{"start":{"line":18,"column":24},"end":{"line":18,"column":126}}]},"14":{"type":"branch","line":18,"loc":{"start":{"line":18,"column":126},"end":{"line":18,"column":158}},"locations":[{"start":{"line":18,"column":126},"end":{"line":18,"column":158}}]},"15":{"type":"branch","line":18,"loc":{"start":{"line":18,"column":160},"end":{"line":18,"column":169}},"locations":[{"start":{"line":18,"column":160},"end":{"line":18,"column":169}}]},"16":{"type":"branch","line":19,"loc":{"start":{"line":19,"column":26},"end":{"line":19,"column":52}},"locations":[{"start":{"line":19,"column":26},"end":{"line":19,"column":52}}]},"17":{"type":"branch","line":21,"loc":{"start":{"line":21,"column":16},"end":{"line":21,"column":24}},"locations":[{"start":{"line":21,"column":16},"end":{"line":21,"column":24}}]},"18":{"type":"branch","line":21,"loc":{"start":{"line":21,"column":24},"end":{"line":21,"column":46}},"locations":[{"start":{"line":21,"column":24},"end":{"line":21,"column":46}}]},"19":{"type":"branch","line":22,"loc":{"start":{"line":22,"column":16},"end":{"line":22,"column":72}},"locations":[{"start":{"line":22,"column":16},"end":{"line":22,"column":72}}]},"20":{"type":"branch","line":23,"loc":{"start":{"line":23,"column":16},"end":{"line":23,"column":65}},"locations":[{"start":{"line":23,"column":16},"end":{"line":23,"column":65}}]},"21":{"type":"branch","line":24,"loc":{"start":{"line":24,"column":16},"end":{"line":24,"column":65}},"locations":[{"start":{"line":24,"column":16},"end":{"line":24,"column":65}}]},"22":{"type":"branch","line":25,"loc":{"start":{"line":25,"column":16},"end":{"line":31,"column":43}},"locations":[{"start":{"line":25,"column":16},"end":{"line":31,"column":43}}]},"23":{"type":"branch","line":32,"loc":{"start":{"line":32,"column":12},"end":{"line":34,"column":10}},"locations":[{"start":{"line":32,"column":12},"end":{"line":34,"column":10}}]},"24":{"type":"branch","line":34,"loc":{"start":{"line":34,"column":10},"end":{"line":34,"column":43}},"locations":[{"start":{"line":34,"column":10},"end":{"line":34,"column":43}}]},"25":{"type":"branch","line":34,"loc":{"start":{"line":34,"column":43},"end":{"line":34,"column":52}},"locations":[{"start":{"line":34,"column":43},"end":{"line":34,"column":52}}]},"26":{"type":"branch","line":34,"loc":{"start":{"line":34,"column":65},"end":{"line":35,"column":65}},"locations":[{"start":{"line":34,"column":65},"end":{"line":35,"column":65}}]},"27":{"type":"branch","line":35,"loc":{"start":{"line":35,"column":65},"end":{"line":35,"column":74}},"locations":[{"start":{"line":35,"column":65},"end":{"line":35,"column":74}}]},"28":{"type":"branch","line":41,"loc":{"start":{"line":41,"column":30},"end":{"line":167,"column":2}},"locations":[{"start":{"line":41,"column":30},"end":{"line":167,"column":2}}]},"29":{"type":"branch","line":42,"loc":{"start":{"line":42,"column":4},"end":{"line":45,"column":5}},"locations":[{"start":{"line":42,"column":4},"end":{"line":45,"column":5}}]},"30":{"type":"branch","line":46,"loc":{"start":{"line":46,"column":43},"end":{"line":59,"column":5}},"locations":[{"start":{"line":46,"column":43},"end":{"line":59,"column":5}}]},"31":{"type":"branch","line":53,"loc":{"start":{"line":53,"column":63},"end":{"line":53,"column":68}},"locations":[{"start":{"line":53,"column":63},"end":{"line":53,"column":68}}]},"32":{"type":"branch","line":55,"loc":{"start":{"line":55,"column":8},"end":{"line":58,"column":9}},"locations":[{"start":{"line":55,"column":8},"end":{"line":58,"column":9}}]},"33":{"type":"branch","line":60,"loc":{"start":{"line":60,"column":41},"end":{"line":74,"column":5}},"locations":[{"start":{"line":60,"column":41},"end":{"line":74,"column":5}}]},"34":{"type":"branch","line":62,"loc":{"start":{"line":62,"column":27},"end":{"line":73,"column":9}},"locations":[{"start":{"line":62,"column":27},"end":{"line":73,"column":9}}]},"35":{"type":"branch","line":75,"loc":{"start":{"line":75,"column":33},"end":{"line":105,"column":5}},"locations":[{"start":{"line":75,"column":33},"end":{"line":105,"column":5}}]},"36":{"type":"branch","line":76,"loc":{"start":{"line":76,"column":47},"end":{"line":104,"column":9}},"locations":[{"start":{"line":76,"column":47},"end":{"line":104,"column":9}}]},"37":{"type":"branch","line":78,"loc":{"start":{"line":78,"column":37},"end":{"line":103,"column":13}},"locations":[{"start":{"line":78,"column":37},"end":{"line":103,"column":13}}]},"38":{"type":"branch","line":93,"loc":{"start":{"line":93,"column":20},"end":{"line":96,"column":48}},"locations":[{"start":{"line":93,"column":20},"end":{"line":96,"column":48}}]},"39":{"type":"branch","line":97,"loc":{"start":{"line":97,"column":20},"end":{"line":100,"column":48}},"locations":[{"start":{"line":97,"column":20},"end":{"line":100,"column":48}}]},"40":{"type":"branch","line":101,"loc":{"start":{"line":101,"column":20},"end":{"line":101,"column":50}},"locations":[{"start":{"line":101,"column":20},"end":{"line":101,"column":50}}]},"41":{"type":"branch","line":106,"loc":{"start":{"line":106,"column":38},"end":{"line":134,"column":5}},"locations":[{"start":{"line":106,"column":38},"end":{"line":134,"column":5}}]},"42":{"type":"branch","line":107,"loc":{"start":{"line":107,"column":47},"end":{"line":133,"column":9}},"locations":[{"start":{"line":107,"column":47},"end":{"line":133,"column":9}}]},"43":{"type":"branch","line":109,"loc":{"start":{"line":109,"column":37},"end":{"line":132,"column":13}},"locations":[{"start":{"line":109,"column":37},"end":{"line":132,"column":13}}]},"44":{"type":"branch","line":116,"loc":{"start":{"line":116,"column":35},"end":{"line":116,"column":59}},"locations":[{"start":{"line":116,"column":35},"end":{"line":116,"column":59}}]},"45":{"type":"branch","line":122,"loc":{"start":{"line":122,"column":20},"end":{"line":125,"column":48}},"locations":[{"start":{"line":122,"column":20},"end":{"line":125,"column":48}}]},"46":{"type":"branch","line":126,"loc":{"start":{"line":126,"column":20},"end":{"line":129,"column":48}},"locations":[{"start":{"line":126,"column":20},"end":{"line":129,"column":48}}]},"47":{"type":"branch","line":130,"loc":{"start":{"line":130,"column":20},"end":{"line":130,"column":50}},"locations":[{"start":{"line":130,"column":20},"end":{"line":130,"column":50}}]},"48":{"type":"branch","line":113,"loc":{"start":{"line":113,"column":47},"end":{"line":115,"column":25}},"locations":[{"start":{"line":113,"column":47},"end":{"line":115,"column":25}}]},"49":{"type":"branch","line":135,"loc":{"start":{"line":135,"column":36},"end":{"line":159,"column":5}},"locations":[{"start":{"line":135,"column":36},"end":{"line":159,"column":5}}]},"50":{"type":"branch","line":136,"loc":{"start":{"line":136,"column":47},"end":{"line":158,"column":9}},"locations":[{"start":{"line":136,"column":47},"end":{"line":158,"column":9}}]},"51":{"type":"branch","line":138,"loc":{"start":{"line":138,"column":37},"end":{"line":157,"column":13}},"locations":[{"start":{"line":138,"column":37},"end":{"line":157,"column":13}}]},"52":{"type":"branch","line":147,"loc":{"start":{"line":147,"column":20},"end":{"line":150,"column":48}},"locations":[{"start":{"line":147,"column":20},"end":{"line":150,"column":48}}]},"53":{"type":"branch","line":151,"loc":{"start":{"line":151,"column":20},"end":{"line":154,"column":48}},"locations":[{"start":{"line":151,"column":20},"end":{"line":154,"column":48}}]},"54":{"type":"branch","line":155,"loc":{"start":{"line":155,"column":20},"end":{"line":155,"column":50}},"locations":[{"start":{"line":155,"column":20},"end":{"line":155,"column":50}}]},"55":{"type":"branch","line":142,"loc":{"start":{"line":142,"column":55},"end":{"line":142,"column":105}},"locations":[{"start":{"line":142,"column":55},"end":{"line":142,"column":105}}]},"56":{"type":"branch","line":160,"loc":{"start":{"line":160,"column":38},"end":{"line":165,"column":5}},"locations":[{"start":{"line":160,"column":38},"end":{"line":165,"column":5}}]},"57":{"type":"branch","line":162,"loc":{"start":{"line":162,"column":27},"end":{"line":164,"column":9}},"locations":[{"start":{"line":162,"column":27},"end":{"line":164,"column":9}}]},"58":{"type":"branch","line":163,"loc":{"start":{"line":163,"column":130},"end":{"line":163,"column":144}},"locations":[{"start":{"line":163,"column":130},"end":{"line":163,"column":144}}]}},"b":{"0":[3],"1":[3],"2":[0],"3":[3],"4":[3],"5":[0],"6":[3],"7":[9],"8":[3],"9":[3],"10":[0],"11":[0],"12":[6],"13":[0],"14":[0],"15":[0],"16":[0],"17":[3],"18":[3],"19":[3],"20":[0],"21":[0],"22":[0],"23":[3],"24":[0],"25":[3],"26":[0],"27":[0],"28":[1],"29":[5],"30":[9],"31":[0],"32":[0],"33":[3],"34":[3],"35":[1],"36":[1],"37":[1],"38":[0],"39":[0],"40":[0],"41":[1],"42":[1],"43":[1],"44":[0],"45":[0],"46":[0],"47":[0],"48":[1],"49":[1],"50":[1],"51":[1],"52":[0],"53":[0],"54":[0],"55":[1],"56":[1],"57":[1],"58":[0]},"fnMap":{"0":{"name":"Object.<anonymous>.__awaiter","decl":{"start":{"line":2,"column":44},"end":{"line":10,"column":2}},"loc":{"start":{"line":2,"column":44},"end":{"line":10,"column":2}},"line":2},"1":{"name":"adopt","decl":{"start":{"line":3,"column":4},"end":{"line":3,"column":112}},"loc":{"start":{"line":3,"column":4},"end":{"line":3,"column":112}},"line":3},"2":{"name":"fulfilled","decl":{"start":{"line":5,"column":8},"end":{"line":5,"column":99}},"loc":{"start":{"line":5,"column":8},"end":{"line":5,"column":99}},"line":5},"3":{"name":"rejected","decl":{"start":{"line":6,"column":8},"end":{"line":6,"column":102}},"loc":{"start":{"line":6,"column":8},"end":{"line":6,"column":102}},"line":6},"4":{"name":"step","decl":{"start":{"line":7,"column":8},"end":{"line":7,"column":118}},"loc":{"start":{"line":7,"column":8},"end":{"line":7,"column":118}},"line":7},"5":{"name":"Object.<anonymous>.__generator","decl":{"start":{"line":11,"column":48},"end":{"line":37,"column":2}},"loc":{"start":{"line":11,"column":48},"end":{"line":37,"column":2}},"line":11},"6":{"name":"sent","decl":{"start":{"line":12,"column":30},"end":{"line":12,"column":83}},"loc":{"start":{"line":12,"column":30},"end":{"line":12,"column":83}},"line":12},"7":{"name":"g.<computed>","decl":{"start":{"line":13,"column":125},"end":{"line":13,"column":152}},"loc":{"start":{"line":13,"column":125},"end":{"line":13,"column":152}},"line":13},"8":{"name":"verb","decl":{"start":{"line":14,"column":4},"end":{"line":14,"column":70}},"loc":{"start":{"line":14,"column":4},"end":{"line":14,"column":70}},"line":14},"9":{"name":"step","decl":{"start":{"line":15,"column":4},"end":{"line":36,"column":5}},"loc":{"start":{"line":15,"column":4},"end":{"line":36,"column":5}},"line":15},"10":{"name":"ToDoList","decl":{"start":{"line":42,"column":4},"end":{"line":45,"column":5}},"loc":{"start":{"line":42,"column":4},"end":{"line":45,"column":5}},"line":42},"11":{"name":"ToDoList.loadTasksFromJSON","decl":{"start":{"line":46,"column":43},"end":{"line":59,"column":5}},"loc":{"start":{"line":46,"column":43},"end":{"line":59,"column":5}},"line":46},"12":{"name":"ToDoList.saveTasksToJSON","decl":{"start":{"line":60,"column":41},"end":{"line":74,"column":5}},"loc":{"start":{"line":60,"column":41},"end":{"line":74,"column":5}},"line":60},"13":{"name":"ToDoList.addTask","decl":{"start":{"line":75,"column":33},"end":{"line":105,"column":5}},"loc":{"start":{"line":75,"column":33},"end":{"line":105,"column":5}},"line":75},"14":{"name":"ToDoList.completeTask","decl":{"start":{"line":106,"column":38},"end":{"line":134,"column":5}},"loc":{"start":{"line":106,"column":38},"end":{"line":134,"column":5}},"line":106},"15":{"name":"ToDoList.deleteTask","decl":{"start":{"line":135,"column":36},"end":{"line":159,"column":5}},"loc":{"start":{"line":135,"column":36},"end":{"line":159,"column":5}},"line":135},"16":{"name":"ToDoList.showTaskList","decl":{"start":{"line":160,"column":38},"end":{"line":165,"column":5}},"loc":{"start":{"line":160,"column":38},"end":{"line":165,"column":5}},"line":160}},"f":{"0":3,"1":3,"2":0,"3":0,"4":3,"5":3,"6":0,"7":0,"8":9,"9":3,"10":5,"11":9,"12":3,"13":1,"14":1,"15":1,"16":1}}
}
