TN:
SF:src/task.js
FN:2,Object.<anonymous>.__awaiter
FN:3,adopt
FN:5,fulfilled
FN:6,rejected
FN:7,step
FN:11,Object.<anonymous>.__generator
FN:12,sent
FN:13,g.<computed>
FN:14,verb
FN:15,step
FN:42,ToDoList
FN:46,ToDoList.loadTasksFromJSON
FN:60,ToDoList.saveTasksToJSON
FN:75,ToDoList.addTask
FN:106,ToDoList.completeTask
FN:135,ToDoList.deleteTask
FN:160,ToDoList.showTaskList
FNF:17
FNH:13
FNDA:3,Object.<anonymous>.__awaiter
FNDA:3,adopt
FNDA:0,fulfilled
FNDA:0,rejected
FNDA:3,step
FNDA:3,Object.<anonymous>.__generator
FNDA:0,sent
FNDA:0,g.<computed>
FNDA:9,verb
FNDA:3,step
FNDA:5,ToDoList
FNDA:9,ToDoList.loadTasksFromJSON
FNDA:3,ToDoList.saveTasksToJSON
FNDA:1,ToDoList.addTask
FNDA:1,ToDoList.completeTask
FNDA:1,ToDoList.deleteTask
FNDA:1,ToDoList.showTaskList
DA:1,1
DA:2,1
DA:3,3
DA:4,3
DA:5,3
DA:6,3
DA:7,3
DA:8,3
DA:9,3
DA:10,3
DA:11,1
DA:12,3
DA:13,3
DA:14,3
DA:15,3
DA:16,3
DA:17,3
DA:18,6
DA:19,6
DA:20,6
DA:21,6
DA:22,6
DA:23,6
DA:24,6
DA:25,6
DA:26,0
DA:27,0
DA:28,0
DA:29,0
DA:30,0
DA:31,0
DA:32,6
DA:33,3
DA:34,6
DA:35,3
DA:36,3
DA:37,3
DA:38,1
DA:39,1
DA:40,1
DA:41,1
DA:42,1
DA:43,5
DA:44,5
DA:45,5
DA:46,1
DA:47,9
DA:48,9
DA:49,9
DA:50,9
DA:51,9
DA:52,9
DA:53,9
DA:54,9
DA:55,9
DA:56,0
DA:57,0
DA:58,0
DA:59,1
DA:60,1
DA:61,3
DA:62,3
DA:63,3
DA:64,0
DA:65,0
DA:66,0
DA:67,0
DA:68,0
DA:69,0
DA:70,0
DA:71,0
DA:72,3
DA:73,3
DA:74,1
DA:75,1
DA:76,1
DA:77,1
DA:78,1
DA:79,1
DA:80,1
DA:81,1
DA:82,1
DA:83,1
DA:84,1
DA:85,1
DA:86,1
DA:87,1
DA:88,1
DA:89,1
DA:90,1
DA:91,1
DA:92,1
DA:93,1
DA:94,0
DA:95,0
DA:96,0
DA:97,1
DA:98,0
DA:99,0
DA:100,0
DA:101,1
DA:102,1
DA:103,1
DA:104,1
DA:105,1
DA:106,1
DA:107,1
DA:108,1
DA:109,1
DA:110,1
DA:111,1
DA:112,1
DA:113,1
DA:114,1
DA:115,1
DA:116,1
DA:117,1
DA:118,1
DA:119,1
DA:120,1
DA:121,1
DA:122,1
DA:123,0
DA:124,0
DA:125,0
DA:126,1
DA:127,0
DA:128,0
DA:129,0
DA:130,1
DA:131,1
DA:132,1
DA:133,1
DA:134,1
DA:135,1
DA:136,1
DA:137,1
DA:138,1
DA:139,1
DA:140,1
DA:141,1
DA:142,1
DA:143,1
DA:144,1
DA:145,1
DA:146,1
DA:147,1
DA:148,0
DA:149,0
DA:150,0
DA:151,1
DA:152,0
DA:153,0
DA:154,0
DA:155,1
DA:156,1
DA:157,1
DA:158,1
DA:159,1
DA:160,1
DA:161,1
DA:162,1
DA:163,1
DA:164,1
DA:165,1
DA:166,1
DA:167,1
DA:168,1
LF:168
LH:133
BRDA:2,0,0,3
BRDA:3,1,0,3
BRDA:3,2,0,0
BRDA:4,3,0,3
BRDA:7,4,0,3
BRDA:7,5,0,0
BRDA:11,6,0,3
BRDA:14,7,0,9
BRDA:14,8,0,3
BRDA:15,9,0,3
BRDA:16,10,0,0
BRDA:17,11,0,0
BRDA:17,12,0,6
BRDA:18,13,0,0
BRDA:18,14,0,0
BRDA:18,15,0,0
BRDA:19,16,0,0
BRDA:21,17,0,3
BRDA:21,18,0,3
BRDA:22,19,0,3
BRDA:23,20,0,0
BRDA:24,21,0,0
BRDA:25,22,0,0
BRDA:32,23,0,3
BRDA:34,24,0,0
BRDA:34,25,0,3
BRDA:34,26,0,0
BRDA:35,27,0,0
BRDA:41,28,0,1
BRDA:42,29,0,5
BRDA:46,30,0,9
BRDA:53,31,0,0
BRDA:55,32,0,0
BRDA:60,33,0,3
BRDA:62,34,0,3
BRDA:75,35,0,1
BRDA:76,36,0,1
BRDA:78,37,0,1
BRDA:93,38,0,0
BRDA:97,39,0,0
BRDA:101,40,0,0
BRDA:106,41,0,1
BRDA:107,42,0,1
BRDA:109,43,0,1
BRDA:116,44,0,0
BRDA:122,45,0,0
BRDA:126,46,0,0
BRDA:130,47,0,0
BRDA:113,48,0,1
BRDA:135,49,0,1
BRDA:136,50,0,1
BRDA:138,51,0,1
BRDA:147,52,0,0
BRDA:151,53,0,0
BRDA:155,54,0,0
BRDA:142,55,0,1
BRDA:160,56,0,1
BRDA:162,57,0,1
BRDA:163,58,0,0
BRF:59
BRH:32
end_of_record
